mode: set
github.com/nick11roberts/interlace/interlace.go:20.84,25.62 3 1
github.com/nick11roberts/interlace/interlace.go:30.2,30.19 1 1
github.com/nick11roberts/interlace/interlace.go:35.2,35.20 1 1
github.com/nick11roberts/interlace/interlace.go:40.2,44.20 3 1
github.com/nick11roberts/interlace/interlace.go:55.2,55.21 1 1
github.com/nick11roberts/interlace/interlace.go:66.2,69.30 4 1
github.com/nick11roberts/interlace/interlace.go:72.2,72.11 1 1
github.com/nick11roberts/interlace/interlace.go:75.2,78.31 4 1
github.com/nick11roberts/interlace/interlace.go:81.2,81.11 1 1
github.com/nick11roberts/interlace/interlace.go:86.2,88.45 3 1
github.com/nick11roberts/interlace/interlace.go:113.2,115.11 2 1
github.com/nick11roberts/interlace/interlace.go:118.2,118.45 1 1
github.com/nick11roberts/interlace/interlace.go:25.62,27.3 1 0
github.com/nick11roberts/interlace/interlace.go:30.19,32.3 1 1
github.com/nick11roberts/interlace/interlace.go:32.3,34.3 1 1
github.com/nick11roberts/interlace/interlace.go:35.20,37.3 1 1
github.com/nick11roberts/interlace/interlace.go:37.3,39.3 1 1
github.com/nick11roberts/interlace/interlace.go:44.20,46.3 1 1
github.com/nick11roberts/interlace/interlace.go:46.3,46.28 1 1
github.com/nick11roberts/interlace/interlace.go:46.28,48.3 1 1
github.com/nick11roberts/interlace/interlace.go:48.3,48.29 1 1
github.com/nick11roberts/interlace/interlace.go:48.29,50.3 1 1
github.com/nick11roberts/interlace/interlace.go:50.3,50.30 1 0
github.com/nick11roberts/interlace/interlace.go:50.30,52.3 1 0
github.com/nick11roberts/interlace/interlace.go:52.3,54.3 1 0
github.com/nick11roberts/interlace/interlace.go:55.21,57.3 1 1
github.com/nick11roberts/interlace/interlace.go:57.3,57.29 1 1
github.com/nick11roberts/interlace/interlace.go:57.29,59.3 1 1
github.com/nick11roberts/interlace/interlace.go:59.3,59.30 1 1
github.com/nick11roberts/interlace/interlace.go:59.30,61.3 1 1
github.com/nick11roberts/interlace/interlace.go:61.3,61.31 1 1
github.com/nick11roberts/interlace/interlace.go:61.31,63.3 1 1
github.com/nick11roberts/interlace/interlace.go:63.3,65.3 1 0
github.com/nick11roberts/interlace/interlace.go:69.30,71.3 1 1
github.com/nick11roberts/interlace/interlace.go:72.11,74.3 1 0
github.com/nick11roberts/interlace/interlace.go:78.31,80.3 1 1
github.com/nick11roberts/interlace/interlace.go:81.11,83.3 1 0
github.com/nick11roberts/interlace/interlace.go:88.45,89.12 1 1
github.com/nick11roberts/interlace/interlace.go:92.3,92.45 1 1
github.com/nick11roberts/interlace/interlace.go:95.3,95.15 1 1
github.com/nick11roberts/interlace/interlace.go:109.3,109.6 1 1
github.com/nick11roberts/interlace/interlace.go:89.12,91.4 1 0
github.com/nick11roberts/interlace/interlace.go:92.45,94.4 1 0
github.com/nick11roberts/interlace/interlace.go:95.15,97.13 2 1
github.com/nick11roberts/interlace/interlace.go:100.4,100.7 1 1
github.com/nick11roberts/interlace/interlace.go:97.13,99.5 1 0
github.com/nick11roberts/interlace/interlace.go:101.4,101.22 1 1
github.com/nick11roberts/interlace/interlace.go:101.22,103.13 2 1
github.com/nick11roberts/interlace/interlace.go:103.13,105.5 1 0
github.com/nick11roberts/interlace/interlace.go:106.4,108.4 1 0
github.com/nick11roberts/interlace/interlace.go:115.11,117.3 1 0
